<?xml version="1.0" encoding="UTF-8"?>
<!-- Generated by org.testng.reporters.JUnitReportReporter -->
<testsuite hostname="SUMIT" failures="0" tests="4" name="com.herokuapp.theinternet.NegativeTests" time="47.481" errors="0" timestamp="03 Apr 2022 02:38:54 GMT" skipped="0">
  <testcase classname="com.herokuapp.theinternet.NegativeTests" name="negativeTest" time="14.220"/>
  <testcase classname="com.herokuapp.theinternet.NegativeTests" name="negativeTest" time="7.524"/>
  <testcase classname="com.herokuapp.theinternet.NegativeTests" name="negativeTest" time="13.113"/>
  <testcase classname="com.herokuapp.theinternet.NegativeTests" name="negativeTest" time="12.624"/>
</testsuite> <!-- com.herokuapp.theinternet.NegativeTests -->
