<?xml version="1.0" encoding="UTF-8"?>
<!-- Generated by org.testng.reporters.JUnitReportReporter -->
<testsuite hostname="SUMIT" failures="0" tests="4" name="com.herokuapp.theinternet.loginPageTest.NegativeLoginTests" time="81.898" errors="0" timestamp="13 Apr 2022 02:07:28 GMT" skipped="0">
  <testcase classname="com.herokuapp.theinternet.loginPageTest.NegativeLoginTests" name="negativeTest" time="18.049"/>
  <testcase classname="com.herokuapp.theinternet.loginPageTest.NegativeLoginTests" name="negativeTest" time="22.334"/>
  <testcase classname="com.herokuapp.theinternet.loginPageTest.NegativeLoginTests" name="negativeTest" time="19.440"/>
  <testcase classname="com.herokuapp.theinternet.loginPageTest.NegativeLoginTests" name="negativeTest" time="22.075"/>
</testsuite> <!-- com.herokuapp.theinternet.loginPageTest.NegativeLoginTests -->
