<?xml version="1.0" encoding="UTF-8"?>
<!-- Generated by org.testng.reporters.JUnitReportReporter -->
<testsuite hostname="SUMIT" failures="0" tests="1" name="com.herokuapp.theinternet.loginPageTest.PositiveLoginTests" time="25.644" errors="0" timestamp="13 Apr 2022 01:17:03 GMT" skipped="0">
  <testcase classname="com.herokuapp.theinternet.loginPageTest.PositiveLoginTests" name="logInTest" time="25.644"/>
</testsuite> <!-- com.herokuapp.theinternet.loginPageTest.PositiveLoginTests -->
