<?xml version="1.0" encoding="UTF-8"?>
<!-- Generated by org.testng.reporters.JUnitReportReporter -->
<testsuite hostname="SUMIT" failures="0" tests="4" name="com.herokuapp.theinternet.loginPageTest.NegativeTests" time="49.145" errors="0" timestamp="10 Apr 2022 03:55:15 GMT" skipped="0">
  <testcase classname="com.herokuapp.theinternet.loginPageTest.NegativeTests" name="negativeTest" time="12.930"/>
  <testcase classname="com.herokuapp.theinternet.loginPageTest.NegativeTests" name="negativeTest" time="7.667"/>
  <testcase classname="com.herokuapp.theinternet.loginPageTest.NegativeTests" name="negativeTest" time="13.348"/>
  <testcase classname="com.herokuapp.theinternet.loginPageTest.NegativeTests" name="negativeTest" time="15.200"/>
</testsuite> <!-- com.herokuapp.theinternet.loginPageTest.NegativeTests -->
